<?xml version="1.0" encoding="UTF-8" ?>
<testsuite failures="0" time="0.109" errors="0" skipped="0" tests="3" name="com.bank.domain.AccountTests">
  <properties>
    <property name="java.runtime.name" value="Java(TM) SE Runtime Environment"/>
    <property name="sun.boot.library.path" value="C:\Program Files\Java\jdk1.7.0\jre\bin"/>
    <property name="java.vm.version" value="21.0-b17"/>
    <property name="java.vm.vendor" value="Oracle Corporation"/>
    <property name="java.vendor.url" value="http://java.oracle.com/"/>
    <property name="path.separator" value=";"/>
    <property name="guice.disable.misplaced.annotation.check" value="true"/>
    <property name="java.vm.name" value="Java HotSpot(TM) Client VM"/>
    <property name="file.encoding.pkg" value="sun.io"/>
    <property name="user.script" value=""/>
    <property name="user.country" value="US"/>
    <property name="sun.java.launcher" value="SUN_STANDARD"/>
    <property name="sun.os.patch.level" value="Service Pack 3"/>
    <property name="java.vm.specification.name" value="Java Virtual Machine Specification"/>
    <property name="user.dir" value="C:\proj\tdd_workshop"/>
    <property name="java.runtime.version" value="1.7.0-b147"/>
    <property name="java.awt.graphicsenv" value="sun.awt.Win32GraphicsEnvironment"/>
    <property name="java.endorsed.dirs" value="C:\Program Files\Java\jdk1.7.0\jre\lib\endorsed"/>
    <property name="os.arch" value="x86"/>
    <property name="java.io.tmpdir" value="C:\DOCUME~1\UserXP\LOCALS~1\Temp\"/>
    <property name="line.separator" value="
"/>
    <property name="java.vm.specification.vendor" value="Oracle Corporation"/>
    <property name="user.variant" value=""/>
    <property name="os.name" value="Windows XP"/>
    <property name="classworlds.conf" value="C:\apache-maven-3.0.4\bin\..\bin\m2.conf"/>
    <property name="sun.jnu.encoding" value="Cp1252"/>
    <property name="java.library.path" value="C:\Program Files\Java\jdk1.7.0\bin;C:\WINDOWS\Sun\Java\bin;C:\WINDOWS\system32;C:\WINDOWS;C:\Ruby193\bin;C:\WINDOWS\system32;C:\WINDOWS;C:\WINDOWS\system32\wbem;C:\Program Files\TortoiseSVN\bin;C:\rubygems-1.8.21\bin;C:\ruby-1.9.3-p125-i386-mingw32\bin;C:\ror_devkit\bin;C:\Program Files\MySQL\MySQL Server 5.5\bin;C:\appengine-java-sdk-1.6.5\bin;C:\Program Files\TortoiseGit\bin;C:\Program Files\Git\cmd;C:\Program Files\Git\bin;C:\apache-maven-3.0.4\bin;C:\Program Files\SSH Communications Security\SSH Secure Shell;C:\AppServ\Apache2.2\bin;C:\AppServ\php5;C:\AppServ\MySQL\bin;C:\grails-1.3.7\bin;C:\Program Files\Java\jdk1.7.0\bin;C:\Documents and Settings\UserXP\My Documents\data-integration;."/>
    <property name="java.specification.name" value="Java Platform API Specification"/>
    <property name="java.class.version" value="51.0"/>
    <property name="sun.management.compiler" value="HotSpot Client Compiler"/>
    <property name="os.version" value="5.1"/>
    <property name="user.home" value="C:\Documents and Settings\UserXP"/>
    <property name="user.timezone" value="Asia/Bangkok"/>
    <property name="java.awt.printerjob" value="sun.awt.windows.WPrinterJob"/>
    <property name="java.specification.version" value="1.7"/>
    <property name="file.encoding" value="Cp1252"/>
    <property name="user.name" value="UserXP"/>
    <property name="java.class.path" value="C:\apache-maven-3.0.4\bin\..\boot\plexus-classworlds-2.4.jar"/>
    <property name="java.vm.specification.version" value="1.7"/>
    <property name="sun.arch.data.model" value="32"/>
    <property name="java.home" value="C:\Program Files\Java\jdk1.7.0\jre"/>
    <property name="sun.java.command" value="org.codehaus.plexus.classworlds.launcher.Launcher test"/>
    <property name="java.specification.vendor" value="Oracle Corporation"/>
    <property name="user.language" value="en"/>
    <property name="awt.toolkit" value="sun.awt.windows.WToolkit"/>
    <property name="java.vm.info" value="mixed mode, sharing"/>
    <property name="java.version" value="1.7.0"/>
    <property name="java.ext.dirs" value="C:\Program Files\Java\jdk1.7.0\jre\lib\ext;C:\WINDOWS\Sun\Java\lib\ext"/>
    <property name="sun.boot.class.path" value="C:\Program Files\Java\jdk1.7.0\jre\lib\resources.jar;C:\Program Files\Java\jdk1.7.0\jre\lib\rt.jar;C:\Program Files\Java\jdk1.7.0\jre\lib\sunrsasign.jar;C:\Program Files\Java\jdk1.7.0\jre\lib\jsse.jar;C:\Program Files\Java\jdk1.7.0\jre\lib\jce.jar;C:\Program Files\Java\jdk1.7.0\jre\lib\charsets.jar;C:\Program Files\Java\jdk1.7.0\jre\classes"/>
    <property name="java.vendor" value="Oracle Corporation"/>
    <property name="maven.home" value="C:\apache-maven-3.0.4\bin\.."/>
    <property name="file.separator" value="\"/>
    <property name="java.vendor.url.bug" value="http://bugreport.sun.com/bugreport/"/>
    <property name="sun.cpu.endian" value="little"/>
    <property name="sun.io.unicode.encoding" value="UnicodeLittle"/>
    <property name="sun.desktop" value="windows"/>
    <property name="sun.cpu.isalist" value="pentium_pro+mmx pentium_pro pentium+mmx pentium i486 i386 i86"/>
  </properties>
  <testcase time="0.016" classname="com.bank.domain.AccountTests" name="depositTwebtyUnit"/>
  <testcase time="0" classname="com.bank.domain.AccountTests" name="depositBelowZero"/>
  <testcase time="0" classname="com.bank.domain.AccountTests" name="depositTenUnit"/>
</testsuite>